 
****************************************
Report : timing
        -path full
        -delay max
        -max_paths 1
Design : MyDesign
Version: P-2019.03-SP1
Date   : Tue Nov 16 20:47:30 2021
****************************************

Operating Conditions: slow   Library: NangateOpenCellLibrary_PDKv1_2_v2008_10_slow_nldm
Wire Load Model Mode: top

  Startpoint: wmem_dut_read_data[3]
              (input port clocked by clk)
  Endpoint: result4_reg[2]
            (rising edge-triggered flip-flop clocked by clk)
  Path Group: clk
  Path Type: max

  Point                                    Incr       Path
  -----------------------------------------------------------
  clock clk (rise edge)                  0.0000     0.0000
  clock network delay (ideal)            0.0000     0.0000
  input external delay                   0.6580     0.6580 r
  wmem_dut_read_data[3] (in)             0.0973     0.7553 r
  U92/Z (BUF_X4)                         0.1863     0.9416 r
  U226/ZN (XNOR2_X2)                     0.2958     1.2374 r
  U311/ZN (XNOR2_X2)                     0.3184     1.5558 r
  U240/ZN (XNOR2_X2)                     0.3426     1.8984 r
  U241/ZN (NAND2_X1)                     0.1289     2.0273 f
  U246/ZN (NAND2_X2)                     0.1733     2.2006 r
  U244/ZN (NAND2_X2)                     0.0748     2.2754 f
  U88/ZN (NOR2_X2)                       0.1517     2.4271 r
  U91/ZN (NOR2_X2)                       0.0805     2.5075 f
  result4_reg[2]/D (DFF_X1)              0.0000     2.5075 f
  data arrival time                                 2.5075

  clock clk (rise edge)                  2.8700     2.8700
  clock network delay (ideal)            0.0000     2.8700
  clock uncertainty                     -0.0500     2.8200
  result4_reg[2]/CK (DFF_X1)             0.0000     2.8200 r
  library setup time                    -0.3110     2.5090
  data required time                                2.5090
  -----------------------------------------------------------
  data required time                                2.5090
  data arrival time                                -2.5075
  -----------------------------------------------------------
  slack (MET)                                       0.0014


1
