 
****************************************
Report : cell
Design : MyDesign
Version: P-2019.03-SP1
Date   : Tue Nov 16 21:35:39 2021
****************************************

Attributes:
    b - black box (unknown)
    h - hierarchical
    n - noncombinational
    r - removable
    u - contains unmapped logic

Cell                      Reference       Library             Area  Attributes
--------------------------------------------------------------------------------
U88                       NOR2_X2         NangateOpenCellLibrary_PDKv1_2_v2008_10_slow_nldm
                                                            0.7980  
U89                       NAND2_X2        NangateOpenCellLibrary_PDKv1_2_v2008_10_slow_nldm
                                                            0.7980  
U90                       BUF_X4          NangateOpenCellLibrary_PDKv1_2_v2008_10_slow_nldm
                                                            0.7980  
U91                       NOR2_X2         NangateOpenCellLibrary_PDKv1_2_v2008_10_slow_nldm
                                                            0.7980  
U92                       BUF_X4          NangateOpenCellLibrary_PDKv1_2_v2008_10_slow_nldm
                                                            0.7980  
U93                       XNOR2_X2        NangateOpenCellLibrary_PDKv1_2_v2008_10_slow_nldm
                                                            1.5960  
U94                       XNOR2_X2        NangateOpenCellLibrary_PDKv1_2_v2008_10_slow_nldm
                                                            1.5960  
U95                       XNOR2_X2        NangateOpenCellLibrary_PDKv1_2_v2008_10_slow_nldm
                                                            1.5960  
U96                       INV_X1          NangateOpenCellLibrary_PDKv1_2_v2008_10_slow_nldm
                                                            0.5320  
U97                       INV_X1          NangateOpenCellLibrary_PDKv1_2_v2008_10_slow_nldm
                                                            0.5320  
U98                       INV_X1          NangateOpenCellLibrary_PDKv1_2_v2008_10_slow_nldm
                                                            0.5320  
U99                       NAND2_X1        NangateOpenCellLibrary_PDKv1_2_v2008_10_slow_nldm
                                                            0.7980  
U100                      NAND2_X1        NangateOpenCellLibrary_PDKv1_2_v2008_10_slow_nldm
                                                            0.7980  
U101                      OAI21_X1        NangateOpenCellLibrary_PDKv1_2_v2008_10_slow_nldm
                                                            1.0640  
U102                      NAND2_X1        NangateOpenCellLibrary_PDKv1_2_v2008_10_slow_nldm
                                                            0.7980  
U103                      INV_X1          NangateOpenCellLibrary_PDKv1_2_v2008_10_slow_nldm
                                                            0.5320  
U104                      INV_X1          NangateOpenCellLibrary_PDKv1_2_v2008_10_slow_nldm
                                                            0.5320  
U105                      INV_X1          NangateOpenCellLibrary_PDKv1_2_v2008_10_slow_nldm
                                                            0.5320  
U106                      NAND2_X1        NangateOpenCellLibrary_PDKv1_2_v2008_10_slow_nldm
                                                            0.7980  
U107                      OAI21_X1        NangateOpenCellLibrary_PDKv1_2_v2008_10_slow_nldm
                                                            1.0640  
U108                      NOR2_X4         NangateOpenCellLibrary_PDKv1_2_v2008_10_slow_nldm
                                                            1.3300  
U109                      AND2_X2         NangateOpenCellLibrary_PDKv1_2_v2008_10_slow_nldm
                                                            1.0640  
U110                      NAND2_X1        NangateOpenCellLibrary_PDKv1_2_v2008_10_slow_nldm
                                                            0.7980  
U111                      INV_X1          NangateOpenCellLibrary_PDKv1_2_v2008_10_slow_nldm
                                                            0.5320  
U112                      NAND3_X1        NangateOpenCellLibrary_PDKv1_2_v2008_10_slow_nldm
                                                            1.0640  
U113                      NAND2_X1        NangateOpenCellLibrary_PDKv1_2_v2008_10_slow_nldm
                                                            0.7980  
U114                      AOI21_X1        NangateOpenCellLibrary_PDKv1_2_v2008_10_slow_nldm
                                                            1.0640  
U115                      INV_X1          NangateOpenCellLibrary_PDKv1_2_v2008_10_slow_nldm
                                                            0.5320  
U116                      INV_X1          NangateOpenCellLibrary_PDKv1_2_v2008_10_slow_nldm
                                                            0.5320  
U117                      OAI21_X2        NangateOpenCellLibrary_PDKv1_2_v2008_10_slow_nldm
                                                            1.0640  
U118                      INV_X1          NangateOpenCellLibrary_PDKv1_2_v2008_10_slow_nldm
                                                            0.5320  
U119                      INV_X2          NangateOpenCellLibrary_PDKv1_2_v2008_10_slow_nldm
                                                            0.5320  
U120                      INV_X2          NangateOpenCellLibrary_PDKv1_2_v2008_10_slow_nldm
                                                            0.5320  
U121                      INV_X2          NangateOpenCellLibrary_PDKv1_2_v2008_10_slow_nldm
                                                            0.5320  
U122                      INV_X2          NangateOpenCellLibrary_PDKv1_2_v2008_10_slow_nldm
                                                            0.5320  
U123                      NOR2_X2         NangateOpenCellLibrary_PDKv1_2_v2008_10_slow_nldm
                                                            0.7980  
U124                      INV_X2          NangateOpenCellLibrary_PDKv1_2_v2008_10_slow_nldm
                                                            0.5320  
U125                      NAND3_X1        NangateOpenCellLibrary_PDKv1_2_v2008_10_slow_nldm
                                                            1.0640  
U126                      NAND2_X1        NangateOpenCellLibrary_PDKv1_2_v2008_10_slow_nldm
                                                            0.7980  
U127                      NAND2_X2        NangateOpenCellLibrary_PDKv1_2_v2008_10_slow_nldm
                                                            0.7980  
U128                      NAND2_X1        NangateOpenCellLibrary_PDKv1_2_v2008_10_slow_nldm
                                                            0.7980  
U129                      AND2_X2         NangateOpenCellLibrary_PDKv1_2_v2008_10_slow_nldm
                                                            1.0640  
U130                      NAND2_X1        NangateOpenCellLibrary_PDKv1_2_v2008_10_slow_nldm
                                                            0.7980  
U131                      AOI21_X2        NangateOpenCellLibrary_PDKv1_2_v2008_10_slow_nldm
                                                            1.0640  
U132                      NAND2_X2        NangateOpenCellLibrary_PDKv1_2_v2008_10_slow_nldm
                                                            0.7980  
U133                      INV_X2          NangateOpenCellLibrary_PDKv1_2_v2008_10_slow_nldm
                                                            0.5320  
U134                      NAND2_X1        NangateOpenCellLibrary_PDKv1_2_v2008_10_slow_nldm
                                                            0.7980  
U135                      NAND2_X2        NangateOpenCellLibrary_PDKv1_2_v2008_10_slow_nldm
                                                            0.7980  
U136                      INV_X2          NangateOpenCellLibrary_PDKv1_2_v2008_10_slow_nldm
                                                            0.5320  
U137                      AND2_X2         NangateOpenCellLibrary_PDKv1_2_v2008_10_slow_nldm
                                                            1.0640  
U138                      INV_X2          NangateOpenCellLibrary_PDKv1_2_v2008_10_slow_nldm
                                                            0.5320  
U139                      INV_X1          NangateOpenCellLibrary_PDKv1_2_v2008_10_slow_nldm
                                                            0.5320  
U140                      CLKBUF_X3       NangateOpenCellLibrary_PDKv1_2_v2008_10_slow_nldm
                                                            0.7980  
U141                      INV_X2          NangateOpenCellLibrary_PDKv1_2_v2008_10_slow_nldm
                                                            0.5320  
U142                      CLKBUF_X3       NangateOpenCellLibrary_PDKv1_2_v2008_10_slow_nldm
                                                            0.7980  
U143                      CLKBUF_X3       NangateOpenCellLibrary_PDKv1_2_v2008_10_slow_nldm
                                                            0.7980  
U144                      CLKBUF_X3       NangateOpenCellLibrary_PDKv1_2_v2008_10_slow_nldm
                                                            0.7980  
U145                      INV_X2          NangateOpenCellLibrary_PDKv1_2_v2008_10_slow_nldm
                                                            0.5320  
U146                      CLKBUF_X3       NangateOpenCellLibrary_PDKv1_2_v2008_10_slow_nldm
                                                            0.7980  
U147                      CLKBUF_X3       NangateOpenCellLibrary_PDKv1_2_v2008_10_slow_nldm
                                                            0.7980  
U148                      INV_X2          NangateOpenCellLibrary_PDKv1_2_v2008_10_slow_nldm
                                                            0.5320  
U149                      INV_X2          NangateOpenCellLibrary_PDKv1_2_v2008_10_slow_nldm
                                                            0.5320  
U150                      INV_X2          NangateOpenCellLibrary_PDKv1_2_v2008_10_slow_nldm
                                                            0.5320  
U151                      INV_X2          NangateOpenCellLibrary_PDKv1_2_v2008_10_slow_nldm
                                                            0.5320  
U152                      INV_X2          NangateOpenCellLibrary_PDKv1_2_v2008_10_slow_nldm
                                                            0.5320  
U153                      INV_X2          NangateOpenCellLibrary_PDKv1_2_v2008_10_slow_nldm
                                                            0.5320  
U154                      INV_X2          NangateOpenCellLibrary_PDKv1_2_v2008_10_slow_nldm
                                                            0.5320  
U155                      INV_X2          NangateOpenCellLibrary_PDKv1_2_v2008_10_slow_nldm
                                                            0.5320  
U156                      INV_X2          NangateOpenCellLibrary_PDKv1_2_v2008_10_slow_nldm
                                                            0.5320  
U157                      INV_X2          NangateOpenCellLibrary_PDKv1_2_v2008_10_slow_nldm
                                                            0.5320  
U158                      INV_X2          NangateOpenCellLibrary_PDKv1_2_v2008_10_slow_nldm
                                                            0.5320  
U159                      INV_X2          NangateOpenCellLibrary_PDKv1_2_v2008_10_slow_nldm
                                                            0.5320  
U160                      INV_X2          NangateOpenCellLibrary_PDKv1_2_v2008_10_slow_nldm
                                                            0.5320  
U161                      INV_X2          NangateOpenCellLibrary_PDKv1_2_v2008_10_slow_nldm
                                                            0.5320  
U162                      INV_X2          NangateOpenCellLibrary_PDKv1_2_v2008_10_slow_nldm
                                                            0.5320  
U163                      INV_X2          NangateOpenCellLibrary_PDKv1_2_v2008_10_slow_nldm
                                                            0.5320  
U164                      INV_X2          NangateOpenCellLibrary_PDKv1_2_v2008_10_slow_nldm
                                                            0.5320  
U165                      INV_X2          NangateOpenCellLibrary_PDKv1_2_v2008_10_slow_nldm
                                                            0.5320  
U166                      INV_X2          NangateOpenCellLibrary_PDKv1_2_v2008_10_slow_nldm
                                                            0.5320  
U167                      INV_X2          NangateOpenCellLibrary_PDKv1_2_v2008_10_slow_nldm
                                                            0.5320  
U168                      INV_X2          NangateOpenCellLibrary_PDKv1_2_v2008_10_slow_nldm
                                                            0.5320  
U169                      INV_X2          NangateOpenCellLibrary_PDKv1_2_v2008_10_slow_nldm
                                                            0.5320  
U170                      INV_X2          NangateOpenCellLibrary_PDKv1_2_v2008_10_slow_nldm
                                                            0.5320  
U171                      INV_X2          NangateOpenCellLibrary_PDKv1_2_v2008_10_slow_nldm
                                                            0.5320  
U172                      INV_X2          NangateOpenCellLibrary_PDKv1_2_v2008_10_slow_nldm
                                                            0.5320  
U173                      INV_X2          NangateOpenCellLibrary_PDKv1_2_v2008_10_slow_nldm
                                                            0.5320  
U174                      INV_X2          NangateOpenCellLibrary_PDKv1_2_v2008_10_slow_nldm
                                                            0.5320  
U175                      INV_X2          NangateOpenCellLibrary_PDKv1_2_v2008_10_slow_nldm
                                                            0.5320  
U176                      INV_X2          NangateOpenCellLibrary_PDKv1_2_v2008_10_slow_nldm
                                                            0.5320  
U177                      INV_X2          NangateOpenCellLibrary_PDKv1_2_v2008_10_slow_nldm
                                                            0.5320  
U178                      INV_X2          NangateOpenCellLibrary_PDKv1_2_v2008_10_slow_nldm
                                                            0.5320  
U179                      INV_X2          NangateOpenCellLibrary_PDKv1_2_v2008_10_slow_nldm
                                                            0.5320  
U180                      INV_X2          NangateOpenCellLibrary_PDKv1_2_v2008_10_slow_nldm
                                                            0.5320  
U181                      INV_X2          NangateOpenCellLibrary_PDKv1_2_v2008_10_slow_nldm
                                                            0.5320  
U182                      INV_X2          NangateOpenCellLibrary_PDKv1_2_v2008_10_slow_nldm
                                                            0.5320  
U183                      INV_X2          NangateOpenCellLibrary_PDKv1_2_v2008_10_slow_nldm
                                                            0.5320  
U184                      INV_X2          NangateOpenCellLibrary_PDKv1_2_v2008_10_slow_nldm
                                                            0.5320  
U185                      INV_X2          NangateOpenCellLibrary_PDKv1_2_v2008_10_slow_nldm
                                                            0.5320  
U224                      XNOR2_X2        NangateOpenCellLibrary_PDKv1_2_v2008_10_slow_nldm
                                                            1.5960  
U225                      XNOR2_X2        NangateOpenCellLibrary_PDKv1_2_v2008_10_slow_nldm
                                                            1.5960  
U226                      XNOR2_X2        NangateOpenCellLibrary_PDKv1_2_v2008_10_slow_nldm
                                                            1.5960  
U227                      NAND2_X2        NangateOpenCellLibrary_PDKv1_2_v2008_10_slow_nldm
                                                            0.7980  
U228                      XNOR2_X2        NangateOpenCellLibrary_PDKv1_2_v2008_10_slow_nldm
                                                            1.5960  
U229                      XNOR2_X2        NangateOpenCellLibrary_PDKv1_2_v2008_10_slow_nldm
                                                            1.5960  
U230                      XNOR2_X2        NangateOpenCellLibrary_PDKv1_2_v2008_10_slow_nldm
                                                            1.5960  
U231                      XNOR2_X2        NangateOpenCellLibrary_PDKv1_2_v2008_10_slow_nldm
                                                            1.5960  
U232                      XNOR2_X2        NangateOpenCellLibrary_PDKv1_2_v2008_10_slow_nldm
                                                            1.5960  
U233                      NAND2_X1        NangateOpenCellLibrary_PDKv1_2_v2008_10_slow_nldm
                                                            0.7980  
U234                      OAI21_X2        NangateOpenCellLibrary_PDKv1_2_v2008_10_slow_nldm
                                                            1.0640  
U235                      XNOR2_X2        NangateOpenCellLibrary_PDKv1_2_v2008_10_slow_nldm
                                                            1.5960  
U236                      XNOR2_X2        NangateOpenCellLibrary_PDKv1_2_v2008_10_slow_nldm
                                                            1.5960  
U237                      XNOR2_X2        NangateOpenCellLibrary_PDKv1_2_v2008_10_slow_nldm
                                                            1.5960  
U238                      XNOR2_X2        NangateOpenCellLibrary_PDKv1_2_v2008_10_slow_nldm
                                                            1.5960  
U239                      OAI21_X2        NangateOpenCellLibrary_PDKv1_2_v2008_10_slow_nldm
                                                            1.0640  
U240                      XNOR2_X2        NangateOpenCellLibrary_PDKv1_2_v2008_10_slow_nldm
                                                            1.5960  
U241                      NAND2_X1        NangateOpenCellLibrary_PDKv1_2_v2008_10_slow_nldm
                                                            0.7980  
U242                      XNOR2_X2        NangateOpenCellLibrary_PDKv1_2_v2008_10_slow_nldm
                                                            1.5960  
U243                      INV_X1          NangateOpenCellLibrary_PDKv1_2_v2008_10_slow_nldm
                                                            0.5320  
U244                      NAND2_X2        NangateOpenCellLibrary_PDKv1_2_v2008_10_slow_nldm
                                                            0.7980  
U245                      XNOR2_X2        NangateOpenCellLibrary_PDKv1_2_v2008_10_slow_nldm
                                                            1.5960  
U246                      NAND2_X2        NangateOpenCellLibrary_PDKv1_2_v2008_10_slow_nldm
                                                            0.7980  
U247                      NAND2_X2        NangateOpenCellLibrary_PDKv1_2_v2008_10_slow_nldm
                                                            0.7980  
U248                      XNOR2_X2        NangateOpenCellLibrary_PDKv1_2_v2008_10_slow_nldm
                                                            1.5960  
U249                      XNOR2_X2        NangateOpenCellLibrary_PDKv1_2_v2008_10_slow_nldm
                                                            1.5960  
U250                      XNOR2_X2        NangateOpenCellLibrary_PDKv1_2_v2008_10_slow_nldm
                                                            1.5960  
U251                      XNOR2_X2        NangateOpenCellLibrary_PDKv1_2_v2008_10_slow_nldm
                                                            1.5960  
U252                      XNOR2_X2        NangateOpenCellLibrary_PDKv1_2_v2008_10_slow_nldm
                                                            1.5960  
U253                      XNOR2_X2        NangateOpenCellLibrary_PDKv1_2_v2008_10_slow_nldm
                                                            1.5960  
U254                      XNOR2_X2        NangateOpenCellLibrary_PDKv1_2_v2008_10_slow_nldm
                                                            1.5960  
U255                      NAND2_X2        NangateOpenCellLibrary_PDKv1_2_v2008_10_slow_nldm
                                                            0.7980  
U256                      NAND2_X2        NangateOpenCellLibrary_PDKv1_2_v2008_10_slow_nldm
                                                            0.7980  
U257                      NAND2_X2        NangateOpenCellLibrary_PDKv1_2_v2008_10_slow_nldm
                                                            0.7980  
U258                      XNOR2_X2        NangateOpenCellLibrary_PDKv1_2_v2008_10_slow_nldm
                                                            1.5960  
U259                      XNOR2_X2        NangateOpenCellLibrary_PDKv1_2_v2008_10_slow_nldm
                                                            1.5960  
U260                      XNOR2_X2        NangateOpenCellLibrary_PDKv1_2_v2008_10_slow_nldm
                                                            1.5960  
U261                      XNOR2_X2        NangateOpenCellLibrary_PDKv1_2_v2008_10_slow_nldm
                                                            1.5960  
U262                      NOR2_X2         NangateOpenCellLibrary_PDKv1_2_v2008_10_slow_nldm
                                                            0.7980  
U263                      NAND2_X2        NangateOpenCellLibrary_PDKv1_2_v2008_10_slow_nldm
                                                            0.7980  
U264                      NAND2_X2        NangateOpenCellLibrary_PDKv1_2_v2008_10_slow_nldm
                                                            0.7980  
U265                      XNOR2_X1        NangateOpenCellLibrary_PDKv1_2_v2008_10_slow_nldm
                                                            1.5960  
U266                      XNOR2_X2        NangateOpenCellLibrary_PDKv1_2_v2008_10_slow_nldm
                                                            1.5960  
U267                      NAND2_X2        NangateOpenCellLibrary_PDKv1_2_v2008_10_slow_nldm
                                                            0.7980  
U268                      NAND2_X1        NangateOpenCellLibrary_PDKv1_2_v2008_10_slow_nldm
                                                            0.7980  
U269                      XNOR2_X2        NangateOpenCellLibrary_PDKv1_2_v2008_10_slow_nldm
                                                            1.5960  
U270                      NAND2_X1        NangateOpenCellLibrary_PDKv1_2_v2008_10_slow_nldm
                                                            0.7980  
U271                      NAND2_X2        NangateOpenCellLibrary_PDKv1_2_v2008_10_slow_nldm
                                                            0.7980  
U272                      INV_X1          NangateOpenCellLibrary_PDKv1_2_v2008_10_slow_nldm
                                                            0.5320  
U273                      INV_X1          NangateOpenCellLibrary_PDKv1_2_v2008_10_slow_nldm
                                                            0.5320  
U274                      XNOR2_X2        NangateOpenCellLibrary_PDKv1_2_v2008_10_slow_nldm
                                                            1.5960  
U275                      XNOR2_X2        NangateOpenCellLibrary_PDKv1_2_v2008_10_slow_nldm
                                                            1.5960  
U276                      INV_X4          NangateOpenCellLibrary_PDKv1_2_v2008_10_slow_nldm
                                                            0.5320  
U277                      INV_X4          NangateOpenCellLibrary_PDKv1_2_v2008_10_slow_nldm
                                                            0.5320  
U278                      NAND2_X1        NangateOpenCellLibrary_PDKv1_2_v2008_10_slow_nldm
                                                            0.7980  
U279                      NAND2_X1        NangateOpenCellLibrary_PDKv1_2_v2008_10_slow_nldm
                                                            0.7980  
U280                      XNOR2_X1        NangateOpenCellLibrary_PDKv1_2_v2008_10_slow_nldm
                                                            1.5960  
U281                      XNOR2_X1        NangateOpenCellLibrary_PDKv1_2_v2008_10_slow_nldm
                                                            1.5960  
U282                      INV_X1          NangateOpenCellLibrary_PDKv1_2_v2008_10_slow_nldm
                                                            0.5320  
U283                      XNOR2_X1        NangateOpenCellLibrary_PDKv1_2_v2008_10_slow_nldm
                                                            1.5960  
U284                      XNOR2_X1        NangateOpenCellLibrary_PDKv1_2_v2008_10_slow_nldm
                                                            1.5960  
U285                      AOI22_X1        NangateOpenCellLibrary_PDKv1_2_v2008_10_slow_nldm
                                                            1.3300  
U286                      NOR2_X1         NangateOpenCellLibrary_PDKv1_2_v2008_10_slow_nldm
                                                            0.7980  
U287                      XNOR2_X1        NangateOpenCellLibrary_PDKv1_2_v2008_10_slow_nldm
                                                            1.5960  
U288                      XNOR2_X1        NangateOpenCellLibrary_PDKv1_2_v2008_10_slow_nldm
                                                            1.5960  
U289                      XNOR2_X1        NangateOpenCellLibrary_PDKv1_2_v2008_10_slow_nldm
                                                            1.5960  
U290                      XNOR2_X1        NangateOpenCellLibrary_PDKv1_2_v2008_10_slow_nldm
                                                            1.5960  
U291                      XNOR2_X1        NangateOpenCellLibrary_PDKv1_2_v2008_10_slow_nldm
                                                            1.5960  
U292                      NAND2_X1        NangateOpenCellLibrary_PDKv1_2_v2008_10_slow_nldm
                                                            0.7980  
U293                      NAND2_X1        NangateOpenCellLibrary_PDKv1_2_v2008_10_slow_nldm
                                                            0.7980  
U294                      INV_X1          NangateOpenCellLibrary_PDKv1_2_v2008_10_slow_nldm
                                                            0.5320  
U295                      INV_X1          NangateOpenCellLibrary_PDKv1_2_v2008_10_slow_nldm
                                                            0.5320  
U296                      NOR2_X1         NangateOpenCellLibrary_PDKv1_2_v2008_10_slow_nldm
                                                            0.7980  
U297                      NAND2_X1        NangateOpenCellLibrary_PDKv1_2_v2008_10_slow_nldm
                                                            0.7980  
U298                      NAND2_X1        NangateOpenCellLibrary_PDKv1_2_v2008_10_slow_nldm
                                                            0.7980  
U299                      INV_X1          NangateOpenCellLibrary_PDKv1_2_v2008_10_slow_nldm
                                                            0.5320  
U300                      OR2_X1          NangateOpenCellLibrary_PDKv1_2_v2008_10_slow_nldm
                                                            1.0640  
U301                      INV_X1          NangateOpenCellLibrary_PDKv1_2_v2008_10_slow_nldm
                                                            0.5320  
U302                      NAND2_X2        NangateOpenCellLibrary_PDKv1_2_v2008_10_slow_nldm
                                                            0.7980  
U303                      OAI21_X1        NangateOpenCellLibrary_PDKv1_2_v2008_10_slow_nldm
                                                            1.0640  
U304                      NAND2_X2        NangateOpenCellLibrary_PDKv1_2_v2008_10_slow_nldm
                                                            0.7980  
U305                      NOR2_X2         NangateOpenCellLibrary_PDKv1_2_v2008_10_slow_nldm
                                                            0.7980  
U306                      OAI21_X1        NangateOpenCellLibrary_PDKv1_2_v2008_10_slow_nldm
                                                            1.0640  
U307                      XNOR2_X2        NangateOpenCellLibrary_PDKv1_2_v2008_10_slow_nldm
                                                            1.5960  
U308                      XNOR2_X2        NangateOpenCellLibrary_PDKv1_2_v2008_10_slow_nldm
                                                            1.5960  
U309                      XNOR2_X2        NangateOpenCellLibrary_PDKv1_2_v2008_10_slow_nldm
                                                            1.5960  
U310                      NAND2_X2        NangateOpenCellLibrary_PDKv1_2_v2008_10_slow_nldm
                                                            0.7980  
U311                      XNOR2_X2        NangateOpenCellLibrary_PDKv1_2_v2008_10_slow_nldm
                                                            1.5960  
U312                      XNOR2_X2        NangateOpenCellLibrary_PDKv1_2_v2008_10_slow_nldm
                                                            1.5960  
U313                      XNOR2_X2        NangateOpenCellLibrary_PDKv1_2_v2008_10_slow_nldm
                                                            1.5960  
U314                      OAI21_X1        NangateOpenCellLibrary_PDKv1_2_v2008_10_slow_nldm
                                                            1.0640  
U315                      XNOR2_X2        NangateOpenCellLibrary_PDKv1_2_v2008_10_slow_nldm
                                                            1.5960  
U316                      XNOR2_X2        NangateOpenCellLibrary_PDKv1_2_v2008_10_slow_nldm
                                                            1.5960  
U317                      NAND3_X2        NangateOpenCellLibrary_PDKv1_2_v2008_10_slow_nldm
                                                            1.0640  
U318                      XNOR2_X2        NangateOpenCellLibrary_PDKv1_2_v2008_10_slow_nldm
                                                            1.5960  
U319                      XNOR2_X2        NangateOpenCellLibrary_PDKv1_2_v2008_10_slow_nldm
                                                            1.5960  
U320                      NAND2_X2        NangateOpenCellLibrary_PDKv1_2_v2008_10_slow_nldm
                                                            0.7980  
U321                      XNOR2_X2        NangateOpenCellLibrary_PDKv1_2_v2008_10_slow_nldm
                                                            1.5960  
U322                      NOR2_X2         NangateOpenCellLibrary_PDKv1_2_v2008_10_slow_nldm
                                                            0.7980  
U323                      XNOR2_X2        NangateOpenCellLibrary_PDKv1_2_v2008_10_slow_nldm
                                                            1.5960  
U324                      XNOR2_X2        NangateOpenCellLibrary_PDKv1_2_v2008_10_slow_nldm
                                                            1.5960  
U325                      XNOR2_X2        NangateOpenCellLibrary_PDKv1_2_v2008_10_slow_nldm
                                                            1.5960  
U326                      XNOR2_X2        NangateOpenCellLibrary_PDKv1_2_v2008_10_slow_nldm
                                                            1.5960  
U327                      XNOR2_X2        NangateOpenCellLibrary_PDKv1_2_v2008_10_slow_nldm
                                                            1.5960  
U328                      NAND2_X2        NangateOpenCellLibrary_PDKv1_2_v2008_10_slow_nldm
                                                            0.7980  
U329                      OAI21_X1        NangateOpenCellLibrary_PDKv1_2_v2008_10_slow_nldm
                                                            1.0640  
U330                      NAND2_X2        NangateOpenCellLibrary_PDKv1_2_v2008_10_slow_nldm
                                                            0.7980  
U331                      XNOR2_X2        NangateOpenCellLibrary_PDKv1_2_v2008_10_slow_nldm
                                                            1.5960  
U332                      XNOR2_X2        NangateOpenCellLibrary_PDKv1_2_v2008_10_slow_nldm
                                                            1.5960  
U333                      XNOR2_X2        NangateOpenCellLibrary_PDKv1_2_v2008_10_slow_nldm
                                                            1.5960  
U334                      XNOR2_X2        NangateOpenCellLibrary_PDKv1_2_v2008_10_slow_nldm
                                                            1.5960  
U335                      XNOR2_X2        NangateOpenCellLibrary_PDKv1_2_v2008_10_slow_nldm
                                                            1.5960  
U336                      XNOR2_X2        NangateOpenCellLibrary_PDKv1_2_v2008_10_slow_nldm
                                                            1.5960  
U337                      XNOR2_X2        NangateOpenCellLibrary_PDKv1_2_v2008_10_slow_nldm
                                                            1.5960  
U338                      XNOR2_X2        NangateOpenCellLibrary_PDKv1_2_v2008_10_slow_nldm
                                                            1.5960  
U339                      XNOR2_X2        NangateOpenCellLibrary_PDKv1_2_v2008_10_slow_nldm
                                                            1.5960  
U340                      XNOR2_X2        NangateOpenCellLibrary_PDKv1_2_v2008_10_slow_nldm
                                                            1.5960  
U341                      NAND2_X1        NangateOpenCellLibrary_PDKv1_2_v2008_10_slow_nldm
                                                            0.7980  
U342                      XNOR2_X1        NangateOpenCellLibrary_PDKv1_2_v2008_10_slow_nldm
                                                            1.5960  
U344                      XNOR2_X1        NangateOpenCellLibrary_PDKv1_2_v2008_10_slow_nldm
                                                            1.5960  
U345                      INV_X1          NangateOpenCellLibrary_PDKv1_2_v2008_10_slow_nldm
                                                            0.5320  
U346                      INV_X1          NangateOpenCellLibrary_PDKv1_2_v2008_10_slow_nldm
                                                            0.5320  
U347                      NAND2_X1        NangateOpenCellLibrary_PDKv1_2_v2008_10_slow_nldm
                                                            0.7980  
U348                      CLKBUF_X3       NangateOpenCellLibrary_PDKv1_2_v2008_10_slow_nldm
                                                            0.7980  
U349                      XNOR2_X1        NangateOpenCellLibrary_PDKv1_2_v2008_10_slow_nldm
                                                            1.5960  
U350                      AOI22_X1        NangateOpenCellLibrary_PDKv1_2_v2008_10_slow_nldm
                                                            1.3300  
U351                      INV_X1          NangateOpenCellLibrary_PDKv1_2_v2008_10_slow_nldm
                                                            0.5320  
U352                      INV_X4          NangateOpenCellLibrary_PDKv1_2_v2008_10_slow_nldm
                                                            0.5320  
U353                      XNOR2_X1        NangateOpenCellLibrary_PDKv1_2_v2008_10_slow_nldm
                                                            1.5960  
U354                      NAND2_X1        NangateOpenCellLibrary_PDKv1_2_v2008_10_slow_nldm
                                                            0.7980  
U355                      NAND2_X1        NangateOpenCellLibrary_PDKv1_2_v2008_10_slow_nldm
                                                            0.7980  
U356                      OAI21_X1        NangateOpenCellLibrary_PDKv1_2_v2008_10_slow_nldm
                                                            1.0640  
U357                      NAND2_X1        NangateOpenCellLibrary_PDKv1_2_v2008_10_slow_nldm
                                                            0.7980  
U358                      NAND2_X1        NangateOpenCellLibrary_PDKv1_2_v2008_10_slow_nldm
                                                            0.7980  
U359                      INV_X1          NangateOpenCellLibrary_PDKv1_2_v2008_10_slow_nldm
                                                            0.5320  
U360                      NAND2_X1        NangateOpenCellLibrary_PDKv1_2_v2008_10_slow_nldm
                                                            0.7980  
U361                      NAND2_X1        NangateOpenCellLibrary_PDKv1_2_v2008_10_slow_nldm
                                                            0.7980  
U362                      NAND2_X1        NangateOpenCellLibrary_PDKv1_2_v2008_10_slow_nldm
                                                            0.7980  
U363                      OR2_X1          NangateOpenCellLibrary_PDKv1_2_v2008_10_slow_nldm
                                                            1.0640  
U364                      INV_X1          NangateOpenCellLibrary_PDKv1_2_v2008_10_slow_nldm
                                                            0.5320  
U365                      INV_X1          NangateOpenCellLibrary_PDKv1_2_v2008_10_slow_nldm
                                                            0.5320  
U366                      NAND2_X1        NangateOpenCellLibrary_PDKv1_2_v2008_10_slow_nldm
                                                            0.7980  
U367                      AOI22_X1        NangateOpenCellLibrary_PDKv1_2_v2008_10_slow_nldm
                                                            1.3300  
U368                      XNOR2_X1        NangateOpenCellLibrary_PDKv1_2_v2008_10_slow_nldm
                                                            1.5960  
U369                      XNOR2_X1        NangateOpenCellLibrary_PDKv1_2_v2008_10_slow_nldm
                                                            1.5960  
U370                      OAI21_X1        NangateOpenCellLibrary_PDKv1_2_v2008_10_slow_nldm
                                                            1.0640  
U371                      NAND2_X1        NangateOpenCellLibrary_PDKv1_2_v2008_10_slow_nldm
                                                            0.7980  
U372                      OAI21_X1        NangateOpenCellLibrary_PDKv1_2_v2008_10_slow_nldm
                                                            1.0640  
U373                      NAND2_X1        NangateOpenCellLibrary_PDKv1_2_v2008_10_slow_nldm
                                                            0.7980  
U374                      INV_X1          NangateOpenCellLibrary_PDKv1_2_v2008_10_slow_nldm
                                                            0.5320  
U375                      INV_X1          NangateOpenCellLibrary_PDKv1_2_v2008_10_slow_nldm
                                                            0.5320  
U376                      NAND2_X1        NangateOpenCellLibrary_PDKv1_2_v2008_10_slow_nldm
                                                            0.7980  
U377                      NAND2_X1        NangateOpenCellLibrary_PDKv1_2_v2008_10_slow_nldm
                                                            0.7980  
U378                      OAI21_X1        NangateOpenCellLibrary_PDKv1_2_v2008_10_slow_nldm
                                                            1.0640  
U379                      NAND2_X1        NangateOpenCellLibrary_PDKv1_2_v2008_10_slow_nldm
                                                            0.7980  
U380                      NOR2_X1         NangateOpenCellLibrary_PDKv1_2_v2008_10_slow_nldm
                                                            0.7980  
U381                      OAI21_X1        NangateOpenCellLibrary_PDKv1_2_v2008_10_slow_nldm
                                                            1.0640  
U382                      NAND2_X1        NangateOpenCellLibrary_PDKv1_2_v2008_10_slow_nldm
                                                            0.7980  
U383                      OAI21_X1        NangateOpenCellLibrary_PDKv1_2_v2008_10_slow_nldm
                                                            1.0640  
U384                      NAND2_X1        NangateOpenCellLibrary_PDKv1_2_v2008_10_slow_nldm
                                                            0.7980  
U385                      OAI21_X1        NangateOpenCellLibrary_PDKv1_2_v2008_10_slow_nldm
                                                            1.0640  
dut_sram_write_data_reg[0]
                          DFF_X2          NangateOpenCellLibrary_PDKv1_2_v2008_10_slow_nldm
                                                            4.7880  n
dut_sram_write_data_reg[1]
                          DFF_X2          NangateOpenCellLibrary_PDKv1_2_v2008_10_slow_nldm
                                                            4.7880  n
dut_sram_write_data_reg[2]
                          DFF_X2          NangateOpenCellLibrary_PDKv1_2_v2008_10_slow_nldm
                                                            4.7880  n
dut_sram_write_data_reg[3]
                          SDFF_X2         NangateOpenCellLibrary_PDKv1_2_v2008_10_slow_nldm
                                                            6.1180  n
result1_reg[0]            DFF_X1          NangateOpenCellLibrary_PDKv1_2_v2008_10_slow_nldm
                                                            4.7880  n
result1_reg[1]            DFF_X2          NangateOpenCellLibrary_PDKv1_2_v2008_10_slow_nldm
                                                            4.7880  n
result1_reg[2]            DFF_X1          NangateOpenCellLibrary_PDKv1_2_v2008_10_slow_nldm
                                                            4.7880  n
result1_reg[3]            DFF_X1          NangateOpenCellLibrary_PDKv1_2_v2008_10_slow_nldm
                                                            4.7880  n
result2_reg[0]            DFF_X1          NangateOpenCellLibrary_PDKv1_2_v2008_10_slow_nldm
                                                            4.7880  n
result2_reg[1]            DFF_X1          NangateOpenCellLibrary_PDKv1_2_v2008_10_slow_nldm
                                                            4.7880  n
result2_reg[2]            DFF_X1          NangateOpenCellLibrary_PDKv1_2_v2008_10_slow_nldm
                                                            4.7880  n
result2_reg[3]            DFF_X1          NangateOpenCellLibrary_PDKv1_2_v2008_10_slow_nldm
                                                            4.7880  n
result3_reg[0]            DFF_X1          NangateOpenCellLibrary_PDKv1_2_v2008_10_slow_nldm
                                                            4.7880  n
result3_reg[1]            DFF_X1          NangateOpenCellLibrary_PDKv1_2_v2008_10_slow_nldm
                                                            4.7880  n
result3_reg[2]            DFF_X1          NangateOpenCellLibrary_PDKv1_2_v2008_10_slow_nldm
                                                            4.7880  n
result3_reg[3]            DFF_X1          NangateOpenCellLibrary_PDKv1_2_v2008_10_slow_nldm
                                                            4.7880  n
result4_reg[0]            DFF_X1          NangateOpenCellLibrary_PDKv1_2_v2008_10_slow_nldm
                                                            4.7880  n
result4_reg[1]            DFF_X1          NangateOpenCellLibrary_PDKv1_2_v2008_10_slow_nldm
                                                            4.7880  n
result4_reg[2]            DFF_X1          NangateOpenCellLibrary_PDKv1_2_v2008_10_slow_nldm
                                                            4.7880  n
result4_reg[3]            DFF_X1          NangateOpenCellLibrary_PDKv1_2_v2008_10_slow_nldm
                                                            4.7880  n
--------------------------------------------------------------------------------
Total 279 cells                                           351.9180
1
