Information: Updating design information... (UID-85)
 
****************************************
Report : timing
        -path full
        -delay min
        -max_paths 1
Design : MyDesign
Version: P-2019.03-SP1
Date   : Tue Nov 16 20:47:29 2021
****************************************

Operating Conditions: fast   Library: NangateOpenCellLibrary_PDKv1_2_v2008_10_fast_nldm
Wire Load Model Mode: top

  Startpoint: result1_reg[3]
              (rising edge-triggered flip-flop clocked by clk)
  Endpoint: dut_sram_write_data_reg[0]
            (rising edge-triggered flip-flop clocked by clk)
  Path Group: clk
  Path Type: min

  Point                                                   Incr       Path
  --------------------------------------------------------------------------
  clock clk (rise edge)                                 0.0000     0.0000
  clock network delay (ideal)                           0.0000     0.0000
  result1_reg[3]/CK (DFF_X1)                            0.0000     0.0000 r
  result1_reg[3]/QN (DFF_X1)                            0.0513     0.0513 f
  U379/ZN (NAND2_X1)                                    0.0262     0.0775 r
  dut_sram_write_data_reg[0]/D (DFF_X2)                 0.0000     0.0775 r
  data arrival time                                                0.0775

  clock clk (rise edge)                                 0.0000     0.0000
  clock network delay (ideal)                           0.0000     0.0000
  clock uncertainty                                     0.0500     0.0500
  dut_sram_write_data_reg[0]/CK (DFF_X2)                0.0000     0.0500 r
  library hold time                                    -0.0161     0.0339
  data required time                                               0.0339
  --------------------------------------------------------------------------
  data required time                                               0.0339
  data arrival time                                               -0.0775
  --------------------------------------------------------------------------
  slack (MET)                                                      0.0435


1
